2021-10-27T08:28:59.103Z In(05) mks Log for VMware Player pid=11028 version=16.2.0 build=build-18760230 option=Release
2021-10-27T08:28:59.103Z In(05) mks The host is 64-bit.
2021-10-27T08:28:59.103Z In(05) mks Host codepage=windows-936 encoding=GBK
2021-10-27T08:28:59.103Z In(05) mks Host is Windows 10 Home, 64-bit (Build 19042.1288)
2021-10-27T08:28:59.103Z In(05) mks Host offset from UTC is -08:00.
2021-10-27T08:28:59.203Z In(05) main  VTHREAD 8360 "main"
2021-10-27T08:28:59.203Z In(05) main  MKSRoleMain: Initializing MKSSandbox...
2021-10-27T08:28:59.203Z In(05) main  MKSRoleMain: Initializing FeatureState...
2021-10-27T08:28:59.203Z In(05) main  MKSRoleMain: Initializing Locale...
2021-10-27T08:28:59.203Z In(05) main  LOCALE GBK -> zh_CN User=804 System=804
2021-10-27T08:28:59.203Z In(05) main  Msg_SetLocaleEx: HostLocale=GBK UserLocale=zh_CN
2021-10-27T08:28:59.203Z In(05) main  DictionaryLoad: Cannot open file "D:\\messages\zh_CN\vmware-mks.vmsg": The system cannot find the file specified.
2021-10-27T08:28:59.203Z In(05) main  [msg.dictionary.load.openFailed] Cannot open file "D:\\messages\zh_CN\vmware-mks.vmsg": The system cannot find the file specified.
2021-10-27T08:28:59.203Z Wa(03) main  Cannot load message dictionary "D:\\messages\zh_CN\vmware-mks.vmsg".
2021-10-27T08:28:59.203Z In(05) main  MKSRoleMain: Initializing Preference...
2021-10-27T08:28:59.223Z In(05) main  DictionaryLoad: Cannot open file "C:\Users\ASUS\AppData\Roaming\VMware\config.ini": The system cannot find the file specified.
2021-10-27T08:28:59.223Z In(05) main  [msg.dictionary.load.openFailed] Cannot open file "C:\Users\ASUS\AppData\Roaming\VMware\config.ini": The system cannot find the file specified.
2021-10-27T08:28:59.223Z In(05) main  PREF Optional preferences file not found at C:\Users\ASUS\AppData\Roaming\VMware\config.ini. Using default values.
2021-10-27T08:28:59.223Z In(05) main  UUID: SMBIOS UUID is reported as '53 30 65 32 66 ec 45 a0-87 69 bf ec 33 56 cd b5'.
2021-10-27T08:28:59.223Z In(05) main  MKSRoleMain: Initializing Poll...
2021-10-27T08:28:59.223Z In(05) main  POLL Using the WSAPoll API Implementation for PollDefault
2021-10-27T08:28:59.223Z In(05) main  MKSRoleMain: Initializing Log...
2021-10-27T08:28:59.223Z In(05) main  MKSRoleMain: Found Config Settings:
2021-10-27T08:28:59.223Z In(05) main  DICT --- GLOBAL SETTINGS C:\ProgramData\VMware\VMware Workstation\settings.ini
2021-10-27T08:28:59.223Z In(05) main  DICT          printers.enabled = "FALSE"
2021-10-27T08:28:59.223Z In(05) main  DICT --- NON PERSISTENT (null)
2021-10-27T08:28:59.223Z In(05) main  DICT --- USER PREFERENCES C:\Users\ASUS\AppData\Roaming\VMware\preferences.ini
2021-10-27T08:28:59.223Z In(05) main  DICT pref.keyboardAndMouse.vmHotKey.enabled = "FALSE"
2021-10-27T08:28:59.223Z In(05) main  DICT pref.keyboardAndMouse.vmHotKey.count = "0"
2021-10-27T08:28:59.223Z In(05) main  DICT pref.vmplayer.firstRunDismissedVersion = "16.2.0"
2021-10-27T08:28:59.223Z In(05) main  DICT   pref.lastUpdateCheckSec = "1635268104"
2021-10-27T08:28:59.223Z In(05) main  DICT         vmWizard.guestKey = "ubuntu-64"
2021-10-27T08:28:59.223Z In(05) main  DICT vmWizard.installMediaType = "later"
2021-10-27T08:28:59.223Z In(05) main  DICT vmWizard.isoLocationMRU.count = "1"
2021-10-27T08:28:59.223Z In(05) main  DICT vmWizard.isoLocationMRU0.location = "D:\ubuntu-20.04.3-desktop-amd64.iso"
2021-10-27T08:28:59.223Z In(05) main  DICT pref.vmplayer.fullscreen.autohide = "FALSE"
2021-10-27T08:28:59.223Z In(05) main  DICT pref.vmplayer.deviceBarToplevel = "TRUE"
2021-10-27T08:28:59.223Z In(05) main  DICT      pref.mruVM0.filename = "E:\Ubuntu 64 位.vmx"
2021-10-27T08:28:59.223Z In(05) main  DICT   pref.mruVM0.displayName = "Ubuntu 64 位"
2021-10-27T08:28:59.223Z In(05) main  DICT         pref.mruVM0.index = "0"
2021-10-27T08:28:59.223Z In(05) main  DICT      pref.mruVM1.filename = "D:\Ubuntu 64 位.vmx"
2021-10-27T08:28:59.223Z In(05) main  DICT   pref.mruVM1.displayName = "Ubuntu 64 位"
2021-10-27T08:28:59.223Z In(05) main  DICT         pref.mruVM1.index = "1"
2021-10-27T08:28:59.223Z In(05) main  DICT --- USER DEFAULTS C:\Users\ASUS\AppData\Roaming\VMware\config.ini
2021-10-27T08:28:59.223Z In(05) main  DICT --- HOST DEFAULTS C:\ProgramData\VMware\VMware Workstation\config.ini
2021-10-27T08:28:59.223Z In(05) main  DICT installerDefaults.simplifiedUI = "no"
2021-10-27T08:28:59.223Z In(05) main  DICT installerDefaults.autoSoftwareUpdateEnabled = "yes"
2021-10-27T08:28:59.223Z In(05) main  DICT installerDefaults.autoSoftwareUpdateEnabled.epoch = "26167"
2021-10-27T08:28:59.223Z In(05) main  DICT installerDefaults.componentDownloadEnabled = "yes"
2021-10-27T08:28:59.223Z In(05) main  DICT installerDefaults.dataCollectionEnabled = "yes"
2021-10-27T08:28:59.223Z In(05) main  DICT installerDefaults.dataCollectionEnabled.epoch = "26167"
2021-10-27T08:28:59.223Z In(05) main  DICT --- SITE DEFAULTS C:\ProgramData\VMware\VMware Workstation\config.ini
2021-10-27T08:28:59.223Z In(05) main  DICT installerDefaults.simplifiedUI = "no"
2021-10-27T08:28:59.223Z In(05) main  DICT installerDefaults.autoSoftwareUpdateEnabled = "yes"
2021-10-27T08:28:59.223Z In(05) main  DICT installerDefaults.autoSoftwareUpdateEnabled.epoch = "26167"
2021-10-27T08:28:59.223Z In(05) main  DICT installerDefaults.componentDownloadEnabled = "yes"
2021-10-27T08:28:59.223Z In(05) main  DICT installerDefaults.dataCollectionEnabled = "yes"
2021-10-27T08:28:59.223Z In(05) main  DICT installerDefaults.dataCollectionEnabled.epoch = "26167"
2021-10-27T08:28:59.223Z In(05) main  LOCALE GBK -> zh_CN User=804 System=804
2021-10-27T08:28:59.223Z In(05) main  Msg_SetLocaleEx: HostLocale=GBK UserLocale=zh_CN
2021-10-27T08:28:59.223Z In(05) main  DictionaryLoad: Cannot open file "D:\x64\messages\zh_CN\vmware.vmsg": The system cannot find the path specified.
2021-10-27T08:28:59.223Z In(05) main  [msg.dictionary.load.openFailed] Cannot open file "D:\x64\messages\zh_CN\vmware.vmsg": The system cannot find the path specified.
2021-10-27T08:28:59.223Z Wa(03) main  Cannot load message dictionary "D:\x64\messages\zh_CN\vmware.vmsg".
2021-10-27T08:28:59.223Z In(05) main  MKSRoleMain: Initializing Sig
2021-10-27T08:28:59.223Z In(05) main  MKSRoleMain: Initializing MKS
2021-10-27T08:28:59.313Z In(05) main  MKSRoleMain: Powering on.
2021-10-27T08:28:59.313Z In(05) main  MKSSandbox: Powering on MKSSandboxComm
2021-10-27T08:28:59.313Z In(05) main  MKSRoleMain: Powering on MKS
2021-10-27T08:28:59.313Z In(05) main  MKS PowerOn
2021-10-27T08:28:59.313Z In(05) mks  VTHREAD 14480 "mks"
2021-10-27T08:28:59.313Z In(05) mks  MKS thread is alive
2021-10-27T08:28:59.313Z In(05) svga  VTHREAD 9068 "svga"
2021-10-27T08:28:59.313Z In(05) svga  SVGA thread is alive
2021-10-27T08:28:59.313Z In(05) mks  MKS: SSE2=1, SSSE3=1, SSE4_1=1
2021-10-27T08:28:59.323Z In(05) mks  MKS Win32: Registering top level window (0x406d8) to receive session change notification.
2021-10-27T08:28:59.326Z In(05) mks  MKS Win32: Successfully enabled high resolution system timer.
2021-10-27T08:28:59.326Z In(05) mks  Current Display Settings:
2021-10-27T08:28:59.326Z In(05) mks     Display: 0 size: 1920x1080  position: (0, 0) name: \\.\DISPLAY1  
2021-10-27T08:28:59.328Z In(05) mks  MKS Win32: MIL: 0x2000
2021-10-27T08:28:59.328Z In(05) mks  MKS-RenderMain: PowerOn allowed DX11Renderer 
2021-10-27T08:28:59.328Z In(05) mks  MKS-RenderMain: ISB not enabled by config
2021-10-27T08:28:59.328Z In(05) mks  MKS-RenderMain: Collecting RenderOps caps from DX11Renderer
2021-10-27T08:28:59.328Z In(05) mks  MKS-RenderMain: Starting DX11Renderer
2021-10-27T08:28:59.340Z In(05) mks  DX11Renderer: Enumerating adapter 0
2021-10-27T08:28:59.340Z In(05) mks  DX11Renderer: `AMD Radeon(TM) Graphics` vendor=0x1002 device=0x1638 revision=197
2021-10-27T08:28:59.340Z In(05) mks  DX11Renderer: video=496MB system=0MB shared=7887MB
2021-10-27T08:28:59.340Z In(05) mks  DX11Renderer: LOCAL     budget  7708M usage     0M avail  3982M res     0M
2021-10-27T08:28:59.340Z In(05) mks  DX11Renderer: NON-LOCAL budget     0M usage     0M avail     0M res     0M
2021-10-27T08:28:59.393Z In(05) mks  DX11Renderer: Using device unknown; adapter `AMD Radeon(TM) Graphics`
2021-10-27T08:28:59.393Z In(05) mks  DX11Renderer: Enumerating adapter 1
2021-10-27T08:28:59.394Z In(05) mks  DX11Renderer: `NVIDIA GeForce RTX 3060 Laptop GPU` vendor=0x10de device=0x2520 revision=161
2021-10-27T08:28:59.394Z In(05) mks  DX11Renderer: video=6023MB system=0MB shared=7887MB
2021-10-27T08:29:00.586Z In(05) mks  DX11Renderer: LOCAL     budget  5255M usage     0M avail  2755M res     0M
2021-10-27T08:29:00.586Z In(05) mks  DX11Renderer: NON-LOCAL budget  7236M usage     0M avail  3746M res     0M
2021-10-27T08:29:00.586Z In(05) mks  DX11Renderer: Enumerating adapter 2
2021-10-27T08:29:00.586Z In(05) mks  DX11Renderer: `Microsoft Basic Render Driver` vendor=0x1414 device=0x008c revision=0
2021-10-27T08:29:00.586Z In(05) mks  DX11Renderer: video=0MB system=0MB shared=7887MB
2021-10-27T08:29:00.586Z In(05) mks  DX11Renderer: LOCAL     budget  7236M usage     0M avail  3746M res     0M
2021-10-27T08:29:00.586Z In(05) mks  DX11Renderer: NON-LOCAL budget     0M usage     0M avail     0M res     0M
2021-10-27T08:29:00.586Z In(05) mks  DX11Renderer: GPU chip: Unknown (RDNA?)
2021-10-27T08:29:00.586Z In(05) mks  DX11Renderer: Max 2D Texture Size=16384
2021-10-27T08:29:00.586Z In(05) mks  DX11Renderer:  ClearViewSupported: 1
2021-10-27T08:29:00.586Z In(05) mks  DX11Renderer:  MultisampleRTVWithForcedSampleCountOne: 1
2021-10-27T08:29:00.586Z In(05) mks  DX11Renderer:  MapNoOverwriteOnDynamicConstantBuffer: 1
2021-10-27T08:29:00.587Z In(05) mks  DX11Renderer:  MapNoOverwriteOnDynamicBufferSRV: 1
2021-10-27T08:29:00.587Z In(05) mks  DX11Renderer:  UseNativeConstantBuffers: 1
2021-10-27T08:29:00.587Z In(05) mks  DX11Renderer:  UseBlendLogicOps: 1
2021-10-27T08:29:00.587Z In(05) mks  DX11Renderer:  TypedUAVLoadAdditionalFormats: 1
2021-10-27T08:29:00.587Z In(05) mks  DX11Renderer: SDK=7, feature level=11.1
2021-10-27T08:29:00.587Z In(05) mks  DX11Renderer: Max feature level=12.1
2021-10-27T08:29:00.597Z Wa(03) mks  DX11Renderer: AMDBGRAClearBug: no
2021-10-27T08:29:00.598Z In(05) mks  Started Shim3D
2021-10-27T08:29:00.598Z In(05) mks  MKS-RenderMain: Started DX11Renderer
2021-10-27T08:29:00.598Z In(05) mks  MKS-RenderMain: Found Full Renderer: DX11Renderer
2021-10-27T08:29:00.598Z In(05) mks  MKS-RenderMain: maxTextureSize=16384
2021-10-27T08:29:00.598Z In(05) mks  MKSRemoteMgr: Set default display name: Ubuntu 64 位
2021-10-27T08:29:00.598Z In(05) mks  MKSRemoteMgr: Loading VNC Configuration from VM config file
2021-10-27T08:29:00.598Z In(05) mks  MKSRemoteMgr: Using default VNC keymap table "us"
2021-10-27T08:29:00.598Z In(05) main  hostCPUID vendor: AuthenticAMD
2021-10-27T08:29:00.598Z In(05) main  hostCPUID family: 0x19 model: 0x50 stepping: 0x0
2021-10-27T08:29:00.598Z In(05) main  hostCPUID codename: Zen3
2021-10-27T08:29:00.598Z In(05) main  hostCPUID name: AMD Ryzen 7 5800H with Radeon Graphics         
2021-10-27T08:29:00.598Z In(05) main  hostCPUID level 00000000, 0: 0x00000010 0x68747541 0x444d4163 0x69746e65
2021-10-27T08:29:00.598Z In(05) main  hostCPUID level 00000001, 0: 0x00a50f00 0x02100800 0x7ed8320b 0x178bfbff
2021-10-27T08:29:00.598Z In(05) main  hostCPUID level 00000002, 0: 0x00000000 0x00000000 0x00000000 0x00000000
2021-10-27T08:29:00.598Z In(05) main  hostCPUID level 00000003, 0: 0x00000000 0x00000000 0x00000000 0x00000000
2021-10-27T08:29:00.598Z In(05) main  hostCPUID level 00000004, 0: 0x00000000 0x00000000 0x00000000 0x00000000
2021-10-27T08:29:00.598Z In(05) main  hostCPUID level 00000005, 0: 0x00000040 0x00000040 0x00000003 0x00000011
2021-10-27T08:29:00.598Z In(05) main  hostCPUID level 00000006, 0: 0x00000004 0x00000000 0x00000001 0x00000000
2021-10-27T08:29:00.598Z In(05) main  hostCPUID level 00000007, 0: 0x00000000 0x219c97a9 0x0040068c 0x00000010
2021-10-27T08:29:00.598Z In(05) main  hostCPUID level 00000008, 0: 0x00000000 0x00000000 0x00000000 0x00000000
2021-10-27T08:29:00.598Z In(05) main  hostCPUID level 00000009, 0: 0x00000000 0x00000000 0x00000000 0x00000000
2021-10-27T08:29:00.598Z In(05) main  hostCPUID level 0000000a, 0: 0x00000000 0x00000000 0x00000000 0x00000000
2021-10-27T08:29:00.598Z In(05) main  hostCPUID level 0000000b, 0: 0x00000001 0x00000002 0x00000100 0x00000002
2021-10-27T08:29:00.598Z In(05) main  hostCPUID level 0000000b, 1: 0x00000004 0x00000010 0x00000201 0x00000002
2021-10-27T08:29:00.598Z In(05) main  hostCPUID level 0000000b, 2: 0x00000000 0x00000000 0x00000002 0x00000002
2021-10-27T08:29:00.598Z In(05) main  hostCPUID level 0000000c, 0: 0x00000000 0x00000000 0x00000000 0x00000000
2021-10-27T08:29:00.598Z In(05) main  hostCPUID level 0000000d, 0: 0x00000207 0x00000340 0x00000988 0x00000000
2021-10-27T08:29:00.598Z In(05) main  hostCPUID level 0000000d, 1: 0x0000000f 0x00000350 0x00001800 0x00000000
2021-10-27T08:29:00.598Z In(05) main  hostCPUID level 0000000d, 2: 0x00000100 0x00000240 0x00000000 0x00000000
2021-10-27T08:29:00.598Z In(05) main  hostCPUID level 0000000d, 3: 0x00000000 0x00000000 0x00000000 0x00000000
2021-10-27T08:29:00.598Z In(05) main  hostCPUID level 0000000d, 4: 0x00000000 0x00000000 0x00000000 0x00000000
2021-10-27T08:29:00.598Z In(05) main  hostCPUID level 0000000d, 5: 0x00000000 0x00000000 0x00000000 0x00000000
2021-10-27T08:29:00.598Z In(05) main  hostCPUID level 0000000d, 6: 0x00000000 0x00000000 0x00000000 0x00000000
2021-10-27T08:29:00.598Z In(05) main  hostCPUID level 0000000d, 7: 0x00000000 0x00000000 0x00000000 0x00000000
2021-10-27T08:29:00.598Z In(05) main  hostCPUID level 0000000d, 8: 0x00000000 0x00000000 0x00000000 0x00000000
2021-10-27T08:29:00.598Z In(05) main  hostCPUID level 0000000d, 9: 0x00000008 0x00000980 0x00000000 0x00000000
2021-10-27T08:29:00.598Z In(05) main  hostCPUID level 0000000d, a: 0x00000000 0x00000000 0x00000000 0x00000000
2021-10-27T08:29:00.598Z In(05) main  hostCPUID level 0000000d, b: 0x00000010 0x00000000 0x00000001 0x00000000
2021-10-27T08:29:00.598Z In(05) main  hostCPUID level 0000000d, c: 0x00000018 0x00000000 0x00000001 0x00000000
2021-10-27T08:29:00.598Z In(05) main  hostCPUID level 0000000e, 0: 0x00000000 0x00000000 0x00000000 0x00000000
2021-10-27T08:29:00.598Z In(05) main  hostCPUID level 0000000f, 0: 0x00000000 0x000000ff 0x00000000 0x00000002
2021-10-27T08:29:00.598Z In(05) main  hostCPUID level 0000000f, 1: 0x00000000 0x00000040 0x000000ff 0x00000007
2021-10-27T08:29:00.598Z In(05) main  hostCPUID level 00000010, 0: 0x00000000 0x00000002 0x00000000 0x00000000
2021-10-27T08:29:00.598Z In(05) main  hostCPUID level 00000010, 1: 0x0000000f 0x00000000 0x00000004 0x0000000f
2021-10-27T08:29:00.598Z In(05) main  hostCPUID level 00000010, 2: 0x00000000 0x00000000 0x00000000 0x00000000
2021-10-27T08:29:00.598Z In(05) main  hostCPUID level 00000010, 3: 0x00000000 0x00000000 0x00000000 0x00000000
2021-10-27T08:29:00.598Z In(05) main  hostCPUID level 80000000, 0: 0x80000023 0x68747541 0x444d4163 0x69746e65
2021-10-27T08:29:00.598Z In(05) main  hostCPUID level 80000001, 0: 0x00a50f00 0x00000000 0x75c237ff 0x2fd3fbff
2021-10-27T08:29:00.598Z In(05) main  hostCPUID level 80000002, 0: 0x20444d41 0x657a7952 0x2037206e 0x30303835
2021-10-27T08:29:00.598Z In(05) main  hostCPUID level 80000003, 0: 0x69772048 0x52206874 0x6f656461 0x7247206e
2021-10-27T08:29:00.598Z In(05) main  hostCPUID level 80000004, 0: 0x69687061 0x20207363 0x20202020 0x00202020
2021-10-27T08:29:00.598Z In(05) main  hostCPUID level 80000005, 0: 0xff40ff40 0xff40ff40 0x20080140 0x20080140
2021-10-27T08:29:00.598Z In(05) main  hostCPUID level 80000006, 0: 0x48002200 0x68004200 0x02006140 0x00809140
2021-10-27T08:29:00.598Z In(05) main  hostCPUID level 80000007, 0: 0x00000000 0x0000003b 0x00000000 0x00006799
2021-10-27T08:29:00.598Z In(05) main  hostCPUID level 80000008, 0: 0x00003030 0x191ef657 0x0000400f 0x00010000
2021-10-27T08:29:00.598Z In(05) main  hostCPUID level 80000009, 0: 0x00000000 0x00000000 0x00000000 0x00000000
2021-10-27T08:29:00.598Z In(05) main  hostCPUID level 8000000a, 0: 0x00000001 0x00008000 0x00000000 0x101bbcff
2021-10-27T08:29:00.598Z In(05) main  hostCPUID level 8000000b, 0: 0x00000000 0x00000000 0x00000000 0x00000000
2021-10-27T08:29:00.598Z In(05) main  hostCPUID level 8000000c, 0: 0x00000000 0x00000000 0x00000000 0x00000000
2021-10-27T08:29:00.598Z In(05) main  hostCPUID level 8000000d, 0: 0x00000000 0x00000000 0x00000000 0x00000000
2021-10-27T08:29:00.598Z In(05) main  hostCPUID level 8000000e, 0: 0x00000000 0x00000000 0x00000000 0x00000000
2021-10-27T08:29:00.598Z In(05) main  hostCPUID level 8000000f, 0: 0x00000000 0x00000000 0x00000000 0x00000000
2021-10-27T08:29:00.598Z In(05) main  hostCPUID level 80000010, 0: 0x00000000 0x00000000 0x00000000 0x00000000
2021-10-27T08:29:00.598Z In(05) main  hostCPUID level 80000011, 0: 0x00000000 0x00000000 0x00000000 0x00000000
2021-10-27T08:29:00.598Z In(05) main  hostCPUID level 80000012, 0: 0x00000000 0x00000000 0x00000000 0x00000000
2021-10-27T08:29:00.598Z In(05) main  hostCPUID level 80000013, 0: 0x00000000 0x00000000 0x00000000 0x00000000
2021-10-27T08:29:00.598Z In(05) main  hostCPUID level 80000014, 0: 0x00000000 0x00000000 0x00000000 0x00000000
2021-10-27T08:29:00.598Z In(05) main  hostCPUID level 80000015, 0: 0x00000000 0x00000000 0x00000000 0x00000000
2021-10-27T08:29:00.598Z In(05) main  hostCPUID level 80000016, 0: 0x00000000 0x00000000 0x00000000 0x00000000
2021-10-27T08:29:00.598Z In(05) main  hostCPUID level 80000017, 0: 0x00000000 0x00000000 0x00000000 0x00000000
2021-10-27T08:29:00.598Z In(05) main  hostCPUID level 80000018, 0: 0x00000000 0x00000000 0x00000000 0x00000000
2021-10-27T08:29:00.598Z In(05) main  hostCPUID level 80000019, 0: 0xf040f040 0xf0400000 0x00000000 0x00000000
2021-10-27T08:29:00.598Z In(05) main  hostCPUID level 8000001a, 0: 0x00000006 0x00000000 0x00000000 0x00000000
2021-10-27T08:29:00.598Z In(05) main  hostCPUID level 8000001b, 0: 0x000003ff 0x00000000 0x00000000 0x00000000
2021-10-27T08:29:00.598Z In(05) main  hostCPUID level 8000001c, 0: 0x00000000 0x00000000 0x00000000 0x00000000
2021-10-27T08:29:00.598Z In(05) main  hostCPUID level 8000001d, 0: 0x00004121 0x01c0003f 0x0000003f 0x00000000
2021-10-27T08:29:00.598Z In(05) main  hostCPUID level 8000001d, 1: 0x00004122 0x01c0003f 0x0000003f 0x00000000
2021-10-27T08:29:00.598Z In(05) main  hostCPUID level 8000001d, 2: 0x00004143 0x01c0003f 0x000003ff 0x00000002
2021-10-27T08:29:00.598Z In(05) main  hostCPUID level 8000001d, 3: 0x0003c163 0x03c0003f 0x00003fff 0x00000001
2021-10-27T08:29:00.599Z In(05) main  hostCPUID level 8000001d, 4: 0x00000000 0x00000000 0x00000000 0x00000000
2021-10-27T08:29:00.599Z In(05) main  hostCPUID level 8000001e, 0: 0x00000002 0x00000101 0x00000000 0x00000000
2021-10-27T08:29:00.599Z In(05) main  hostCPUID level 8000001f, 0: 0x0001780f 0x00000000 0x00000000 0x00000001
2021-10-27T08:29:00.599Z In(05) main  hostCPUID level 80000020, 0: 0x00000000 0x00000002 0x00000000 0x00000000
2021-10-27T08:29:00.599Z In(05) main  hostCPUID level 80000020, 1: 0x0000000b 0x00000000 0x00000000 0x0000000f
2021-10-27T08:29:00.599Z In(05) main  hostCPUID level 80000021, 0: 0x0000004d 0x00000000 0x00000000 0x00000000
2021-10-27T08:29:00.599Z In(05) main  hostCPUID level 80000022, 0: 0x00000000 0x00000000 0x00000000 0x00000000
2021-10-27T08:29:00.599Z In(05) main  hostCPUID level 80000023, 0: 0x00000000 0x00000000 0x00000000 0x00000000
2021-10-27T08:29:00.599Z In(05) main  PStrIntern expansion: nBkts=256
2021-10-27T08:29:00.599Z In(05) main  VMFeature_GetHostCaps: hostCaps:
2021-10-27T08:29:00.599Z In(05) main  Capability Found: cpuid.sse3 = 1
2021-10-27T08:29:00.599Z In(05) main  Capability Found: cpuid.pclmulqdq = 1
2021-10-27T08:29:00.599Z In(05) main  Capability Found: cpuid.mwait = 1
2021-10-27T08:29:00.599Z In(05) main  Capability Found: cpuid.ssse3 = 1
2021-10-27T08:29:00.599Z In(05) main  Capability Found: cpuid.fma = 1
2021-10-27T08:29:00.599Z In(05) main  Capability Found: cpuid.cmpxchg16b = 1
2021-10-27T08:29:00.599Z In(05) main  Capability Found: cpuid.sse41 = 1
2021-10-27T08:29:00.599Z In(05) main  Capability Found: cpuid.sse42 = 1
2021-10-27T08:29:00.599Z In(05) main  Capability Found: cpuid.movbe = 1
2021-10-27T08:29:00.599Z In(05) main  Capability Found: cpuid.popcnt = 1
2021-10-27T08:29:00.599Z In(05) main  Capability Found: cpuid.aes = 1
2021-10-27T08:29:00.599Z In(05) main  Capability Found: cpuid.xsave = 1
2021-10-27T08:29:00.599Z In(05) main  Capability Found: cpuid.avx = 1
2021-10-27T08:29:00.599Z In(05) main  Capability Found: cpuid.f16c = 1
2021-10-27T08:29:00.599Z In(05) main  Capability Found: cpuid.rdrand = 1
2021-10-27T08:29:00.599Z In(05) main  Capability Found: cpuid.fsgsbase = 1
2021-10-27T08:29:00.599Z In(05) main  Capability Found: cpuid.bmi1 = 1
2021-10-27T08:29:00.599Z In(05) main  Capability Found: cpuid.avx2 = 1
2021-10-27T08:29:00.599Z In(05) main  Capability Found: cpuid.smep = 1
2021-10-27T08:29:00.599Z In(05) main  Capability Found: cpuid.bmi2 = 1
2021-10-27T08:29:00.599Z In(05) main  Capability Found: cpuid.enfstrg = 1
2021-10-27T08:29:00.599Z In(05) main  Capability Found: cpuid.invpcid = 1
2021-10-27T08:29:00.599Z In(05) main  Capability Found: cpuid.rdseed = 1
2021-10-27T08:29:00.599Z In(05) main  Capability Found: cpuid.adx = 1
2021-10-27T08:29:00.599Z In(05) main  Capability Found: cpuid.smap = 1
2021-10-27T08:29:00.599Z In(05) main  Capability Found: cpuid.clflushopt = 1
2021-10-27T08:29:00.599Z In(05) main  Capability Found: cpuid.clwb = 1
2021-10-27T08:29:00.599Z In(05) main  Capability Found: cpuid.sha = 1
2021-10-27T08:29:00.599Z In(05) main  Capability Found: cpuid.umip = 1
2021-10-27T08:29:00.599Z In(05) main  Capability Found: cpuid.pku = 1
2021-10-27T08:29:00.599Z In(05) main  Capability Found: cpuid.vaes = 1
2021-10-27T08:29:00.599Z In(05) main  Capability Found: cpuid.vpclmulqdq = 1
2021-10-27T08:29:00.599Z In(05) main  Capability Found: cpuid.rdpid = 1
2021-10-27T08:29:00.599Z In(05) main  Capability Found: cpuid.fast_short_repmov = 1
2021-10-27T08:29:00.599Z In(05) main  Capability Found: cpuid.xcr0_master_sse = 1
2021-10-27T08:29:00.599Z In(05) main  Capability Found: cpuid.xcr0_master_ymm_h = 1
2021-10-27T08:29:00.599Z In(05) main  Capability Found: cpuid.xcr0_master_pkru = 1
2021-10-27T08:29:00.599Z In(05) main  Capability Found: cpuid.xsaveopt = 1
2021-10-27T08:29:00.599Z In(05) main  Capability Found: cpuid.xsavec = 1
2021-10-27T08:29:00.599Z In(05) main  Capability Found: cpuid.xgetbv_ecx1 = 1
2021-10-27T08:29:00.599Z In(05) main  Capability Found: cpuid.xsaves = 1
2021-10-27T08:29:00.599Z In(05) main  Capability Found: cpuid.lahf64 = 1
2021-10-27T08:29:00.599Z In(05) main  Capability Found: cpuid.svm = 1
2021-10-27T08:29:00.599Z In(05) main  Capability Found: cpuid.extapicspc = 1
2021-10-27T08:29:00.599Z In(05) main  Capability Found: cpuid.cr8avail = 1
2021-10-27T08:29:00.599Z In(05) main  Capability Found: cpuid.abm = 1
2021-10-27T08:29:00.599Z In(05) main  Capability Found: cpuid.sse4a = 1
2021-10-27T08:29:00.599Z In(05) main  Capability Found: cpuid.misaligned_sse = 1
2021-10-27T08:29:00.599Z In(05) main  Capability Found: cpuid.3dnprefetch = 1
2021-10-27T08:29:00.599Z In(05) main  Capability Found: cpuid.nx = 1
2021-10-27T08:29:00.599Z In(05) main  Capability Found: cpuid.mmxext = 1
2021-10-27T08:29:00.599Z In(05) main  Capability Found: cpuid.ffxsr = 1
2021-10-27T08:29:00.599Z In(05) main  Capability Found: cpuid.pdpe1gb = 1
2021-10-27T08:29:00.599Z In(05) main  Capability Found: cpuid.rdtscp = 1
2021-10-27T08:29:00.599Z In(05) main  Capability Found: cpuid.lm = 1
2021-10-27T08:29:00.599Z In(05) main  Capability Found: cpuid.clzero = 1
2021-10-27T08:29:00.599Z In(05) main  Capability Found: cpuid.wbnoinvd = 1
2021-10-27T08:29:00.599Z In(05) main  Capability Found: cpuid.leaf88_ssbd_spec_ctrl = 1
2021-10-27T08:29:00.599Z In(05) main  Capability Found: cpuid.leaf88_psfd = 1
2021-10-27T08:29:00.599Z In(05) main  Capability Found: cpuid.svm_npt = 1
2021-10-27T08:29:00.599Z In(05) main  Capability Found: cpuid.svm_nrip = 1
2021-10-27T08:29:00.599Z In(05) main  Capability Found: cpuid.svm_vmcb_clean = 1
2021-10-27T08:29:00.599Z In(05) main  Capability Found: cpuid.svm_flush_by_asid = 1
2021-10-27T08:29:00.599Z In(05) main  Capability Found: cpuid.svm_decode_assists = 1
2021-10-27T08:29:00.599Z In(05) main  Capability Found: cpuid.svm_gmet = 1
2021-10-27T08:29:00.599Z In(05) main  Capability Found: cpuid.sev = 1
2021-10-27T08:29:00.599Z In(05) main  Capability Found: cpuid.sev_es = 1
2021-10-27T08:29:00.599Z In(05) main  Capability Found: cpuid.always_serializing_lfence = 1
2021-10-27T08:29:00.599Z In(05) main  Capability Found: cpuid.amd = 1
2021-10-27T08:29:00.599Z In(05) main  Capability Found: cpuid.ibpb = 1
2021-10-27T08:29:00.599Z In(05) main  MKSRoleMain: PowerOn finished.
2021-10-27T08:29:00.600Z In(05) svga  SVGA3dDevCaps: replayFifo host
2021-10-27T08:29:00.600Z In(05) svga    cap[  0]: 0x00000001 (3D)
2021-10-27T08:29:00.600Z In(05) svga    cap[  1]: 0x00000008 (MAX_LIGHTS)
2021-10-27T08:29:00.600Z In(05) svga    cap[  2]: 0x00000008 (MAX_TEXTURES)
2021-10-27T08:29:00.600Z In(05) svga    cap[  3]: 0x00000008 (MAX_CLIP_PLANES)
2021-10-27T08:29:00.600Z In(05) svga    cap[  4]: 0x00000007 (VERTEX_SHADER_VERSION)
2021-10-27T08:29:00.600Z In(05) svga    cap[  5]: 0x00000001 (VERTEX_SHADER)
2021-10-27T08:29:00.600Z In(05) svga    cap[  6]: 0x0000000d (FRAGMENT_SHADER_VERSION)
2021-10-27T08:29:00.600Z In(05) svga    cap[  7]: 0x00000001 (FRAGMENT_SHADER)
2021-10-27T08:29:00.600Z In(05) svga    cap[  8]: 0x00000008 (MAX_RENDER_TARGETS)
2021-10-27T08:29:00.600Z In(05) svga    cap[  9]: 0x00000001 (S23E8_TEXTURES)
2021-10-27T08:29:00.600Z In(05) svga    cap[ 10]: 0x00000001 (S10E5_TEXTURES)
2021-10-27T08:29:00.600Z In(05) svga    cap[ 11]: 0x00000004 (MAX_FIXED_VERTEXBLEND)
2021-10-27T08:29:00.600Z In(05) svga    cap[ 12]: 0x00000001 (D16_BUFFER_FORMAT)
2021-10-27T08:29:00.600Z In(05) svga    cap[ 13]: 0x00000001 (D24S8_BUFFER_FORMAT)
2021-10-27T08:29:00.600Z In(05) svga    cap[ 14]: 0x00000001 (D24X8_BUFFER_FORMAT)
2021-10-27T08:29:00.600Z In(05) svga    cap[ 15]: 0x00000001 (QUERY_TYPES)
2021-10-27T08:29:00.600Z In(05) svga    cap[ 16]: 0x00000001 (TEXTURE_GRADIENT_SAMPLING)
2021-10-27T08:29:00.600Z In(05) svga    cap[ 17]:   1.000000 (MAX_POINT_SIZE)
2021-10-27T08:29:00.600Z In(05) svga    cap[ 18]: 0x00000014 (MAX_SHADER_TEXTURES)
2021-10-27T08:29:00.600Z In(05) svga    cap[ 19]: 0x00004000 (MAX_TEXTURE_WIDTH)
2021-10-27T08:29:00.600Z In(05) svga    cap[ 20]: 0x00004000 (MAX_TEXTURE_HEIGHT)
2021-10-27T08:29:00.600Z In(05) svga    cap[ 21]: 0x00000800 (MAX_VOLUME_EXTENT)
2021-10-27T08:29:00.600Z In(05) svga    cap[ 22]: 0x00004000 (MAX_TEXTURE_REPEAT)
2021-10-27T08:29:00.600Z In(05) svga    cap[ 23]: 0x00004000 (MAX_TEXTURE_ASPECT_RATIO)
2021-10-27T08:29:00.600Z In(05) svga    cap[ 24]: 0x00000010 (MAX_TEXTURE_ANISOTROPY)
2021-10-27T08:29:00.600Z In(05) svga    cap[ 25]: 0x001fffff (MAX_PRIMITIVE_COUNT)
2021-10-27T08:29:00.600Z In(05) svga    cap[ 26]: 0x000fffff (MAX_VERTEX_INDEX)
2021-10-27T08:29:00.600Z In(05) svga    cap[ 27]: 0x0000ffff (MAX_VERTEX_SHADER_INSTRUCTIONS)
2021-10-27T08:29:00.600Z In(05) svga    cap[ 28]: 0x0000ffff (MAX_FRAGMENT_SHADER_INSTRUCTIONS)
2021-10-27T08:29:00.600Z In(05) svga    cap[ 29]: 0x00000020 (MAX_VERTEX_SHADER_TEMPS)
2021-10-27T08:29:00.600Z In(05) svga    cap[ 30]: 0x00000020 (MAX_FRAGMENT_SHADER_TEMPS)
2021-10-27T08:29:00.600Z In(05) svga    cap[ 31]: 0x03ffffff (TEXTURE_OPS)
2021-10-27T08:29:00.600Z In(05) svga    cap[ 32]: 0x0018ec1f (SURFACEFMT_X8R8G8B8)
2021-10-27T08:29:00.600Z In(05) svga    cap[ 33]: 0x0018e11f (SURFACEFMT_A8R8G8B8)
2021-10-27T08:29:00.600Z In(05) svga    cap[ 34]: 0x0008601f (SURFACEFMT_A2R10G10B10)
2021-10-27T08:29:00.600Z In(05) svga    cap[ 35]: 0x0008601f (SURFACEFMT_X1R5G5B5)
2021-10-27T08:29:00.600Z In(05) svga    cap[ 36]: 0x0008611f (SURFACEFMT_A1R5G5B5)
2021-10-27T08:29:00.600Z In(05) svga    cap[ 37]: 0x0000611f (SURFACEFMT_A4R4G4B4)
2021-10-27T08:29:00.600Z In(05) svga    cap[ 38]: 0x0018ec1f (SURFACEFMT_R5G6B5)
2021-10-27T08:29:00.600Z In(05) svga    cap[ 39]: 0x0000601f (SURFACEFMT_LUMINANCE16)
2021-10-27T08:29:00.600Z In(05) svga    cap[ 40]: 0x00006007 (SURFACEFMT_LUMINANCE8_ALPHA8)
2021-10-27T08:29:00.600Z In(05) svga    cap[ 41]: 0x0000601f (SURFACEFMT_ALPHA8)
2021-10-27T08:29:00.600Z In(05) svga    cap[ 42]: 0x0000601f (SURFACEFMT_LUMINANCE8)
2021-10-27T08:29:00.600Z In(05) svga    cap[ 43]: 0x000040c5 (SURFACEFMT_Z_D16)
2021-10-27T08:29:00.600Z In(05) svga    cap[ 44]: 0x000040c5 (SURFACEFMT_Z_D24S8)
2021-10-27T08:29:00.600Z In(05) svga    cap[ 45]: 0x000040c5 (SURFACEFMT_Z_D24X8)
2021-10-27T08:29:00.600Z In(05) svga    cap[ 46]: 0x0000e005 (SURFACEFMT_DXT1)
2021-10-27T08:29:00.600Z In(05) svga    cap[ 47]: 0x0000e005 (SURFACEFMT_DXT2)
2021-10-27T08:29:00.600Z In(05) svga    cap[ 48]: 0x0000e005 (SURFACEFMT_DXT3)
2021-10-27T08:29:00.600Z In(05) svga    cap[ 49]: 0x0000e005 (SURFACEFMT_DXT4)
2021-10-27T08:29:00.600Z In(05) svga    cap[ 50]: 0x0000e005 (SURFACEFMT_DXT5)
2021-10-27T08:29:00.600Z In(05) svga    cap[ 51]: 0x00014005 (SURFACEFMT_BUMPX8L8V8U8)
2021-10-27T08:29:00.600Z In(05) svga    cap[ 52]: 0x00014007 (SURFACEFMT_A2W10V10U10)
2021-10-27T08:29:00.600Z In(05) svga    cap[ 53]: 0x00014007 (SURFACEFMT_BUMPU8V8)
2021-10-27T08:29:00.600Z In(05) svga    cap[ 54]: 0x00014005 (SURFACEFMT_Q8W8V8U8)
2021-10-27T08:29:00.600Z In(05) svga    cap[ 55]: 0x00014001 (SURFACEFMT_CxV8U8)
2021-10-27T08:29:00.600Z In(05) svga    cap[ 56]: 0x0080601f (SURFACEFMT_R_S10E5)
2021-10-27T08:29:00.600Z In(05) svga    cap[ 57]: 0x0080601f (SURFACEFMT_R_S23E8)
2021-10-27T08:29:00.600Z In(05) svga    cap[ 58]: 0x0080601f (SURFACEFMT_RG_S10E5)
2021-10-27T08:29:00.600Z In(05) svga    cap[ 59]: 0x0080601f (SURFACEFMT_RG_S23E8)
2021-10-27T08:29:00.600Z In(05) svga    cap[ 60]: 0x0080601f (SURFACEFMT_ARGB_S10E5)
2021-10-27T08:29:00.600Z In(05) svga    cap[ 61]: 0x0080601f (SURFACEFMT_ARGB_S23E8)
2021-10-27T08:29:00.600Z In(05) svga    cap[ 62]: 0x00000000 (MISSING62)
2021-10-27T08:29:00.600Z In(05) svga    cap[ 63]: 0x00000004 (MAX_VERTEX_SHADER_TEXTURES)
2021-10-27T08:29:00.600Z In(05) svga    cap[ 64]: 0x00000008 (MAX_SIMULTANEOUS_RENDER_TARGETS)
2021-10-27T08:29:00.600Z In(05) svga    cap[ 65]: 0x00014007 (SURFACEFMT_V16U16)
2021-10-27T08:29:00.600Z In(05) svga    cap[ 66]: 0x0000601f (SURFACEFMT_G16R16)
2021-10-27T08:29:00.600Z In(05) svga    cap[ 67]: 0x0000601f (SURFACEFMT_A16B16G16R16)
2021-10-27T08:29:00.600Z In(05) svga    cap[ 68]: 0x01246000 (SURFACEFMT_UYVY)
2021-10-27T08:29:00.600Z In(05) svga    cap[ 69]: 0x01246000 (SURFACEFMT_YUY2)
2021-10-27T08:29:00.600Z In(05) svga    cap[ 70]: 0x00000000 (DEAD4)
2021-10-27T08:29:00.600Z In(05) svga    cap[ 71]: 0x00000000 (DEAD5)
2021-10-27T08:29:00.600Z In(05) svga    cap[ 72]: 0x00000000 (DEAD7)
2021-10-27T08:29:00.600Z In(05) svga    cap[ 73]: 0x00000000 (DEAD6)
2021-10-27T08:29:00.600Z In(05) svga    cap[ 74]: 0x00000001 (AUTOGENMIPMAPS)
2021-10-27T08:29:00.600Z In(05) svga    cap[ 75]: 0x01246000 (SURFACEFMT_NV12)
2021-10-27T08:29:00.600Z In(05) svga    cap[ 76]: 0x00000000 (DEAD10)
2021-10-27T08:29:00.600Z In(05) svga    cap[ 77]: 0x00000100 (MAX_CONTEXT_IDS)
2021-10-27T08:29:00.600Z In(05) svga    cap[ 78]: 0x00008000 (MAX_SURFACE_IDS)
2021-10-27T08:29:00.600Z In(05) svga    cap[ 79]: 0x000040c5 (SURFACEFMT_Z_DF16)
2021-10-27T08:29:00.600Z In(05) svga    cap[ 80]: 0x000040c5 (SURFACEFMT_Z_DF24)
2021-10-27T08:29:00.600Z In(05) svga    cap[ 81]: 0x000040c5 (SURFACEFMT_Z_D24S8_INT)
2021-10-27T08:29:00.600Z In(05) svga    cap[ 82]: 0x00006005 (SURFACEFMT_ATI1)
2021-10-27T08:29:00.600Z In(05) svga    cap[ 83]: 0x00006005 (SURFACEFMT_ATI2)
2021-10-27T08:29:00.600Z In(05) svga    cap[ 84]: 0x00000000 (DEAD1)
2021-10-27T08:29:00.600Z In(05) svga    cap[ 85]: 0x00000000 (DEAD8)
2021-10-27T08:29:00.600Z In(05) svga    cap[ 86]: 0x00000000 (DEAD9)
2021-10-27T08:29:00.600Z In(05) svga    cap[ 87]: 0x00000001 (LINE_AA)
2021-10-27T08:29:00.600Z In(05) svga    cap[ 88]: 0x00000000 (LINE_STIPPLE)
2021-10-27T08:29:00.600Z In(05) svga    cap[ 89]:  10.000000 (MAX_LINE_WIDTH)
2021-10-27T08:29:00.600Z In(05) svga    cap[ 90]:  10.000000 (MAX_AA_LINE_WIDTH)
2021-10-27T08:29:00.600Z In(05) svga    cap[ 91]: 0x01246000 (SURFACEFMT_YV12)
2021-10-27T08:29:00.600Z In(05) svga    cap[ 92]: 0x00000000 (DEAD3)
2021-10-27T08:29:00.600Z In(05) svga    cap[ 93]: 0x00000001 (TS_COLOR_KEY)
2021-10-27T08:29:00.600Z In(05) svga    cap[ 94]: 0x00000000 (DEAD2)
2021-10-27T08:29:00.600Z In(05) svga    cap[ 95]: 0x00000001 (DXCONTEXT)
2021-10-27T08:29:00.600Z In(05) svga    cap[ 96]: 0x00000000 (DEAD11)
2021-10-27T08:29:00.600Z In(05) svga    cap[ 97]: 0x00000010 (DX_MAX_VERTEXBUFFERS)
2021-10-27T08:29:00.600Z In(05) svga    cap[ 98]: 0x0000000e (DX_MAX_CONSTANT_BUFFERS)
2021-10-27T08:29:00.600Z In(05) svga    cap[ 99]: 0x00000000 (DX_PROVOKING_VERTEX)
2021-10-27T08:29:00.600Z In(05) svga    cap[100]: 0x000002f7 (DXFMT_X8R8G8B8)
2021-10-27T08:29:00.601Z In(05) svga    cap[101]: 0x000003f7 (DXFMT_A8R8G8B8)
2021-10-27T08:29:00.601Z In(05) svga    cap[102]: 0x000002f7 (DXFMT_R5G6B5)
2021-10-27T08:29:00.601Z In(05) svga    cap[103]: 0x000000f7 (DXFMT_X1R5G5B5)
2021-10-27T08:29:00.601Z In(05) svga    cap[104]: 0x000000f7 (DXFMT_A1R5G5B5)
2021-10-27T08:29:00.601Z In(05) svga    cap[105]: 0x000000f7 (DXFMT_A4R4G4B4)
2021-10-27T08:29:00.601Z In(05) svga    cap[106]: 0x00000009 (DXFMT_Z_D32)
2021-10-27T08:29:00.601Z In(05) svga    cap[107]: 0x0000026b (DXFMT_Z_D16)
2021-10-27T08:29:00.601Z In(05) svga    cap[108]: 0x0000026b (DXFMT_Z_D24S8)
2021-10-27T08:29:00.601Z In(05) svga    cap[109]: 0x0000000b (DXFMT_Z_D15S1)
2021-10-27T08:29:00.601Z In(05) svga    cap[110]: 0x000000f7 (DXFMT_LUMINANCE8)
2021-10-27T08:29:00.601Z In(05) svga    cap[111]: 0x000000e3 (DXFMT_LUMINANCE4_ALPHA4)
2021-10-27T08:29:00.601Z In(05) svga    cap[112]: 0x000000f7 (DXFMT_LUMINANCE16)
2021-10-27T08:29:00.601Z In(05) svga    cap[113]: 0x000000e3 (DXFMT_LUMINANCE8_ALPHA8)
2021-10-27T08:29:00.601Z In(05) svga    cap[114]: 0x00000063 (DXFMT_DXT1)
2021-10-27T08:29:00.601Z In(05) svga    cap[115]: 0x00000063 (DXFMT_DXT2)
2021-10-27T08:29:00.601Z In(05) svga    cap[116]: 0x00000063 (DXFMT_DXT3)
2021-10-27T08:29:00.601Z In(05) svga    cap[117]: 0x00000063 (DXFMT_DXT4)
2021-10-27T08:29:00.601Z In(05) svga    cap[118]: 0x00000063 (DXFMT_DXT5)
2021-10-27T08:29:00.601Z In(05) svga    cap[119]: 0x000000e3 (DXFMT_BUMPU8V8)
2021-10-27T08:29:00.601Z In(05) svga    cap[120]: 0x00000000 (DXFMT_BUMPL6V5U5)
2021-10-27T08:29:00.601Z In(05) svga    cap[121]: 0x00000063 (DXFMT_BUMPX8L8V8U8)
2021-10-27T08:29:00.601Z In(05) svga    cap[122]: 0x00000000 (DXFMT_FORMAT_DEAD1)
2021-10-27T08:29:00.601Z In(05) svga    cap[123]: 0x000003f7 (DXFMT_ARGB_S10E5)
2021-10-27T08:29:00.601Z In(05) svga    cap[124]: 0x000003f7 (DXFMT_ARGB_S23E8)
2021-10-27T08:29:00.601Z In(05) svga    cap[125]: 0x000003f7 (DXFMT_A2R10G10B10)
2021-10-27T08:29:00.601Z In(05) svga    cap[126]: 0x000000e3 (DXFMT_V8U8)
2021-10-27T08:29:00.601Z In(05) svga    cap[127]: 0x00000063 (DXFMT_Q8W8V8U8)
2021-10-27T08:29:00.601Z In(05) svga    cap[128]: 0x00000063 (DXFMT_CxV8U8)
2021-10-27T08:29:00.601Z In(05) svga    cap[129]: 0x000000e3 (DXFMT_X8L8V8U8)
2021-10-27T08:29:00.601Z In(05) svga    cap[130]: 0x000000e3 (DXFMT_A2W10V10U10)
2021-10-27T08:29:00.601Z In(05) svga    cap[131]: 0x000000f7 (DXFMT_ALPHA8)
2021-10-27T08:29:00.601Z In(05) svga    cap[132]: 0x000003f7 (DXFMT_R_S10E5)
2021-10-27T08:29:00.601Z In(05) svga    cap[133]: 0x000003f7 (DXFMT_R_S23E8)
2021-10-27T08:29:00.601Z In(05) svga    cap[134]: 0x000003f7 (DXFMT_RG_S10E5)
2021-10-27T08:29:00.601Z In(05) svga    cap[135]: 0x000003f7 (DXFMT_RG_S23E8)
2021-10-27T08:29:00.601Z In(05) svga    cap[136]: 0x00000001 (DXFMT_BUFFER)
2021-10-27T08:29:00.601Z In(05) svga    cap[137]: 0x0000026b (DXFMT_Z_D24X8)
2021-10-27T08:29:00.601Z In(05) svga    cap[138]: 0x000001e3 (DXFMT_V16U16)
2021-10-27T08:29:00.601Z In(05) svga    cap[139]: 0x000003f7 (DXFMT_G16R16)
2021-10-27T08:29:00.601Z In(05) svga    cap[140]: 0x000001f7 (DXFMT_A16B16G16R16)
2021-10-27T08:29:00.601Z In(05) svga    cap[141]: 0x00000001 (DXFMT_UYVY)
2021-10-27T08:29:00.601Z In(05) svga    cap[142]: 0x00000041 (DXFMT_YUY2)
2021-10-27T08:29:00.601Z In(05) svga    cap[143]: 0x00000041 (DXFMT_NV12)
2021-10-27T08:29:00.601Z In(05) svga    cap[144]: 0x00000000 (DXFMT_FORMAT_DEAD2)
2021-10-27T08:29:00.601Z In(05) svga    cap[145]: 0x000002e1 (DXFMT_R32G32B32A32_TYPELESS)
2021-10-27T08:29:00.601Z In(05) svga    cap[146]: 0x000003e7 (DXFMT_R32G32B32A32_UINT)
2021-10-27T08:29:00.601Z In(05) svga    cap[147]: 0x000003e7 (DXFMT_R32G32B32A32_SINT)
2021-10-27T08:29:00.601Z In(05) svga    cap[148]: 0x000000e1 (DXFMT_R32G32B32_TYPELESS)
2021-10-27T08:29:00.601Z In(05) svga    cap[149]: 0x000001e3 (DXFMT_R32G32B32_FLOAT)
2021-10-27T08:29:00.601Z In(05) svga    cap[150]: 0x000001e3 (DXFMT_R32G32B32_UINT)
2021-10-27T08:29:00.601Z In(05) svga    cap[151]: 0x000001e3 (DXFMT_R32G32B32_SINT)
2021-10-27T08:29:00.601Z In(05) svga    cap[152]: 0x000002e1 (DXFMT_R16G16B16A16_TYPELESS)
2021-10-27T08:29:00.601Z In(05) svga    cap[153]: 0x000003e7 (DXFMT_R16G16B16A16_UINT)
2021-10-27T08:29:00.601Z In(05) svga    cap[154]: 0x000003f7 (DXFMT_R16G16B16A16_SNORM)
2021-10-27T08:29:00.601Z In(05) svga    cap[155]: 0x000003e7 (DXFMT_R16G16B16A16_SINT)
2021-10-27T08:29:00.601Z In(05) svga    cap[156]: 0x000002e1 (DXFMT_R32G32_TYPELESS)
2021-10-27T08:29:00.601Z In(05) svga    cap[157]: 0x000003e7 (DXFMT_R32G32_UINT)
2021-10-27T08:29:00.601Z In(05) svga    cap[158]: 0x000003e7 (DXFMT_R32G32_SINT)
2021-10-27T08:29:00.601Z In(05) svga    cap[159]: 0x00000261 (DXFMT_R32G8X24_TYPELESS)
2021-10-27T08:29:00.601Z In(05) svga    cap[160]: 0x00000269 (DXFMT_D32_FLOAT_S8X24_UINT)
2021-10-27T08:29:00.601Z In(05) svga    cap[161]: 0x00000063 (DXFMT_R32_FLOAT_X8X24)
2021-10-27T08:29:00.601Z In(05) svga    cap[162]: 0x00000063 (DXFMT_X32_G8X24_UINT)
2021-10-27T08:29:00.601Z In(05) svga    cap[163]: 0x000002e1 (DXFMT_R10G10B10A2_TYPELESS)
2021-10-27T08:29:00.601Z In(05) svga    cap[164]: 0x000003e7 (DXFMT_R10G10B10A2_UINT)
2021-10-27T08:29:00.601Z In(05) svga    cap[165]: 0x000003f7 (DXFMT_R11G11B10_FLOAT)
2021-10-27T08:29:00.601Z In(05) svga    cap[166]: 0x000002e1 (DXFMT_R8G8B8A8_TYPELESS)
2021-10-27T08:29:00.601Z In(05) svga    cap[167]: 0x000003f7 (DXFMT_R8G8B8A8_UNORM)
2021-10-27T08:29:00.601Z In(05) svga    cap[168]: 0x000002f7 (DXFMT_R8G8B8A8_UNORM_SRGB)
2021-10-27T08:29:00.601Z In(05) svga    cap[169]: 0x000003e7 (DXFMT_R8G8B8A8_UINT)
2021-10-27T08:29:00.601Z In(05) svga    cap[170]: 0x000003e7 (DXFMT_R8G8B8A8_SINT)
2021-10-27T08:29:00.601Z In(05) svga    cap[171]: 0x000002e1 (DXFMT_R16G16_TYPELESS)
2021-10-27T08:29:00.601Z In(05) svga    cap[172]: 0x000003e7 (DXFMT_R16G16_UINT)
2021-10-27T08:29:00.601Z In(05) svga    cap[173]: 0x000003e7 (DXFMT_R16G16_SINT)
2021-10-27T08:29:00.601Z In(05) svga    cap[174]: 0x000002e1 (DXFMT_R32_TYPELESS)
2021-10-27T08:29:00.601Z In(05) svga    cap[175]: 0x00000269 (DXFMT_D32_FLOAT)
2021-10-27T08:29:00.601Z In(05) svga    cap[176]: 0x000003e7 (DXFMT_R32_UINT)
2021-10-27T08:29:00.601Z In(05) svga    cap[177]: 0x000003e7 (DXFMT_R32_SINT)
2021-10-27T08:29:00.601Z In(05) svga    cap[178]: 0x00000261 (DXFMT_R24G8_TYPELESS)
2021-10-27T08:29:00.601Z In(05) svga    cap[179]: 0x00000269 (DXFMT_D24_UNORM_S8_UINT)
2021-10-27T08:29:00.601Z In(05) svga    cap[180]: 0x00000063 (DXFMT_R24_UNORM_X8)
2021-10-27T08:29:00.601Z In(05) svga    cap[181]: 0x00000063 (DXFMT_X24_G8_UINT)
2021-10-27T08:29:00.601Z In(05) svga    cap[182]: 0x000002e1 (DXFMT_R8G8_TYPELESS)
2021-10-27T08:29:00.601Z In(05) svga    cap[183]: 0x000003f7 (DXFMT_R8G8_UNORM)
2021-10-27T08:29:00.601Z In(05) svga    cap[184]: 0x000003e7 (DXFMT_R8G8_UINT)
2021-10-27T08:29:00.601Z In(05) svga    cap[185]: 0x000003e7 (DXFMT_R8G8_SINT)
2021-10-27T08:29:00.601Z In(05) svga    cap[186]: 0x000002e1 (DXFMT_R16_TYPELESS)
2021-10-27T08:29:00.601Z In(05) svga    cap[187]: 0x000003f7 (DXFMT_R16_UNORM)
2021-10-27T08:29:00.601Z In(05) svga    cap[188]: 0x000003e7 (DXFMT_R16_UINT)
2021-10-27T08:29:00.601Z In(05) svga    cap[189]: 0x000003f7 (DXFMT_R16_SNORM)
2021-10-27T08:29:00.601Z In(05) svga    cap[190]: 0x000003e7 (DXFMT_R16_SINT)
2021-10-27T08:29:00.601Z In(05) svga    cap[191]: 0x000002e1 (DXFMT_R8_TYPELESS)
2021-10-27T08:29:00.601Z In(05) svga    cap[192]: 0x000003f7 (DXFMT_R8_UNORM)
2021-10-27T08:29:00.601Z In(05) svga    cap[193]: 0x000003e7 (DXFMT_R8_UINT)
2021-10-27T08:29:00.601Z In(05) svga    cap[194]: 0x000003f7 (DXFMT_R8_SNORM)
2021-10-27T08:29:00.601Z In(05) svga    cap[195]: 0x000003e7 (DXFMT_R8_SINT)
2021-10-27T08:29:00.601Z In(05) svga    cap[196]: 0x00000001 (DXFMT_P8)
2021-10-27T08:29:00.601Z In(05) svga    cap[197]: 0x000000e3 (DXFMT_R9G9B9E5_SHAREDEXP)
2021-10-27T08:29:00.601Z In(05) svga    cap[198]: 0x000000e3 (DXFMT_R8G8_B8G8_UNORM)
2021-10-27T08:29:00.601Z In(05) svga    cap[199]: 0x000000e3 (DXFMT_G8R8_G8B8_UNORM)
2021-10-27T08:29:00.601Z In(05) svga    cap[200]: 0x000000e1 (DXFMT_BC1_TYPELESS)
2021-10-27T08:29:00.601Z In(05) svga    cap[201]: 0x000000e3 (DXFMT_BC1_UNORM_SRGB)
2021-10-27T08:29:00.601Z In(05) svga    cap[202]: 0x000000e1 (DXFMT_BC2_TYPELESS)
2021-10-27T08:29:00.601Z In(05) svga    cap[203]: 0x000000e3 (DXFMT_BC2_UNORM_SRGB)
2021-10-27T08:29:00.601Z In(05) svga    cap[204]: 0x000000e1 (DXFMT_BC3_TYPELESS)
2021-10-27T08:29:00.601Z In(05) svga    cap[205]: 0x000000e3 (DXFMT_BC3_UNORM_SRGB)
2021-10-27T08:29:00.601Z In(05) svga    cap[206]: 0x000000e1 (DXFMT_BC4_TYPELESS)
2021-10-27T08:29:00.601Z In(05) svga    cap[207]: 0x00000063 (DXFMT_ATI1)
2021-10-27T08:29:00.601Z In(05) svga    cap[208]: 0x000000e3 (DXFMT_BC4_SNORM)
2021-10-27T08:29:00.601Z In(05) svga    cap[209]: 0x000000e1 (DXFMT_BC5_TYPELESS)
2021-10-27T08:29:00.601Z In(05) svga    cap[210]: 0x00000063 (DXFMT_ATI2)
2021-10-27T08:29:00.601Z In(05) svga    cap[211]: 0x000000e3 (DXFMT_BC5_SNORM)
2021-10-27T08:29:00.601Z In(05) svga    cap[212]: 0x00000045 (DXFMT_R10G10B10_XR_BIAS_A2_UNORM)
2021-10-27T08:29:00.601Z In(05) svga    cap[213]: 0x000002e1 (DXFMT_B8G8R8A8_TYPELESS)
2021-10-27T08:29:00.601Z In(05) svga    cap[214]: 0x000002f7 (DXFMT_B8G8R8A8_UNORM_SRGB)
2021-10-27T08:29:00.601Z In(05) svga    cap[215]: 0x000002e1 (DXFMT_B8G8R8X8_TYPELESS)
2021-10-27T08:29:00.601Z In(05) svga    cap[216]: 0x000002f7 (DXFMT_B8G8R8X8_UNORM_SRGB)
2021-10-27T08:29:00.601Z In(05) svga    cap[217]: 0x0000006b (DXFMT_Z_DF16)
2021-10-27T08:29:00.601Z In(05) svga    cap[218]: 0x0000006b (DXFMT_Z_DF24)
2021-10-27T08:29:00.601Z In(05) svga    cap[219]: 0x0000006b (DXFMT_Z_D24S8_INT)
2021-10-27T08:29:00.601Z In(05) svga    cap[220]: 0x00000001 (DXFMT_YV12)
2021-10-27T08:29:00.601Z In(05) svga    cap[221]: 0x000003f7 (DXFMT_R32G32B32A32_FLOAT)
2021-10-27T08:29:00.601Z In(05) svga    cap[222]: 0x000003f7 (DXFMT_R16G16B16A16_FLOAT)
2021-10-27T08:29:00.601Z In(05) svga    cap[223]: 0x000003f7 (DXFMT_R16G16B16A16_UNORM)
2021-10-27T08:29:00.601Z In(05) svga    cap[224]: 0x000003f7 (DXFMT_R32G32_FLOAT)
2021-10-27T08:29:00.601Z In(05) svga    cap[225]: 0x000003f7 (DXFMT_R10G10B10A2_UNORM)
2021-10-27T08:29:00.601Z In(05) svga    cap[226]: 0x000003f7 (DXFMT_R8G8B8A8_SNORM)
2021-10-27T08:29:00.601Z In(05) svga    cap[227]: 0x000003f7 (DXFMT_R16G16_FLOAT)
2021-10-27T08:29:00.601Z In(05) svga    cap[228]: 0x000003f7 (DXFMT_R16G16_UNORM)
2021-10-27T08:29:00.601Z In(05) svga    cap[229]: 0x000003f7 (DXFMT_R16G16_SNORM)
2021-10-27T08:29:00.601Z In(05) svga    cap[230]: 0x000003f7 (DXFMT_R32_FLOAT)
2021-10-27T08:29:00.601Z In(05) svga    cap[231]: 0x000003f7 (DXFMT_R8G8_SNORM)
2021-10-27T08:29:00.601Z In(05) svga    cap[232]: 0x000003f7 (DXFMT_R16_FLOAT)
2021-10-27T08:29:00.601Z In(05) svga    cap[233]: 0x00000269 (DXFMT_D16_UNORM)
2021-10-27T08:29:00.601Z In(05) svga    cap[234]: 0x000002f7 (DXFMT_A8_UNORM)
2021-10-27T08:29:00.601Z In(05) svga    cap[235]: 0x000000e3 (DXFMT_BC1_UNORM)
2021-10-27T08:29:00.601Z In(05) svga    cap[236]: 0x000000e3 (DXFMT_BC2_UNORM)
2021-10-27T08:29:00.601Z In(05) svga    cap[237]: 0x000000e3 (DXFMT_BC3_UNORM)
2021-10-27T08:29:00.601Z In(05) svga    cap[238]: 0x000002f7 (DXFMT_B5G6R5_UNORM)
2021-10-27T08:29:00.601Z In(05) svga    cap[239]: 0x000002f7 (DXFMT_B5G5R5A1_UNORM)
2021-10-27T08:29:00.601Z In(05) svga    cap[240]: 0x000003f7 (DXFMT_B8G8R8A8_UNORM)
2021-10-27T08:29:00.601Z In(05) svga    cap[241]: 0x000003f7 (DXFMT_B8G8R8X8_UNORM)
2021-10-27T08:29:00.601Z In(05) svga    cap[242]: 0x000000e3 (DXFMT_BC4_UNORM)
2021-10-27T08:29:00.602Z In(05) svga    cap[243]: 0x000000e3 (DXFMT_BC5_UNORM)
2021-10-27T08:29:00.602Z In(05) svga    cap[244]: 0x00000001 (SM41)
2021-10-27T08:29:00.602Z In(05) svga    cap[245]: 0x00000001 (MULTISAMPLE_2X)
2021-10-27T08:29:00.602Z In(05) svga    cap[246]: 0x00000001 (MULTISAMPLE_4X)
2021-10-27T08:29:00.602Z In(05) svga    cap[247]: 0x00000001 (MS_FULL_QUALITY)
2021-10-27T08:29:00.602Z In(05) svga    cap[248]: 0x00000001 (LOGICOPS)
2021-10-27T08:29:00.602Z In(05) svga    cap[249]: 0x00000001 (LOGIC_BLENDOPS)
2021-10-27T08:29:00.602Z In(05) svga    cap[250]: 0x00000000 (DEAD12)
2021-10-27T08:29:00.602Z In(05) svga    cap[251]: 0x000000e1 (DXFMT_BC6H_TYPELESS)
2021-10-27T08:29:00.602Z In(05) svga    cap[252]: 0x000000e3 (DXFMT_BC6H_UF16)
2021-10-27T08:29:00.602Z In(05) svga    cap[253]: 0x000000e3 (DXFMT_BC6H_SF16)
2021-10-27T08:29:00.602Z In(05) svga    cap[254]: 0x000000e1 (DXFMT_BC7_TYPELESS)
2021-10-27T08:29:00.602Z In(05) svga    cap[255]: 0x000000e3 (DXFMT_BC7_UNORM)
2021-10-27T08:29:00.602Z In(05) svga    cap[256]: 0x000000e3 (DXFMT_BC7_UNORM_SRGB)
2021-10-27T08:29:00.602Z In(05) svga    cap[257]: 0x00000000 (DEAD13)
2021-10-27T08:29:00.602Z In(05) svga    cap[258]: 0x00000001 (SM5)
2021-10-27T08:29:00.602Z In(05) svga    cap[259]: 0x00000001 (MULTISAMPLE_8X)
2021-10-27T08:29:00.602Z In(05) svga    cap[260]: 0x00000000 (MAX_FORCED_SAMPLE_COUNT)
2021-10-27T08:29:00.602Z In(05) svga    cap[261]: 0x00000001 (GL43)
2021-10-27T08:29:00.603Z In(05) svga  ReplayFifo: mksReplay format version=18
2021-10-27T08:29:00.603Z In(05) svga  MKSRoleReplay: MKSRoleReplay_Run: Starting.
2021-10-27T08:29:08.349Z In(05) mks  MKSThread: Requesting MKS exit
2021-10-27T08:29:08.349Z In(05) svga  MKSSandboxComm: ISB closed the channel while reading
2021-10-27T08:29:08.349Z In(05) svga  MKSRoleReplay: MKSRoleReplay_Run: Finished.
2021-10-27T08:29:08.350Z In(05) main  Stopping MKS/SVGA threads
2021-10-27T08:29:08.350Z In(05) main  MKS/SVGA threads are stopped
2021-10-27T08:29:08.350Z In(05) main  MKSRoleMain: Powering off.
2021-10-27T08:29:08.350Z In(05) main  MKSRoleMain: Powering off MKS
2021-10-27T08:29:08.350Z In(05) mks  Stopped Shim3D
2021-10-27T08:29:08.350Z In(05) mks  DX11Renderer: Clearing device context
2021-10-27T08:29:08.350Z In(05) mks  DX11Renderer: Release D3D device
2021-10-27T08:29:08.350Z In(05) mks  DX11Renderer: Releasing DXGI Adapter
2021-10-27T08:29:08.350Z In(05) mks  DX11Renderer: Releasing DXGI Factory
2021-10-27T08:29:08.350Z In(05) mks  DX11Renderer: Unloading modules
2021-10-27T08:29:08.350Z In(05) mks  MKS-RenderMain: Stopped DX11Renderer
2021-10-27T08:29:08.350Z In(05) mks  MKS PowerOff
2021-10-27T08:29:08.350Z In(05) svga  SVGA thread is exiting
2021-10-27T08:29:08.350Z In(05) mks  MKS thread is exiting
2021-10-27T08:29:08.351Z In(05) main  MKSRoleMain: Exiting...
2021-10-27T08:29:08.351Z In(05) main  MKSRoleMain: Exiting MKS
2021-10-27T08:29:08.351Z In(05) main  MKSRoleMain: Exiting Sig
2021-10-27T08:29:08.351Z In(05) main  MKSRoleMain: Skipping SSL (already exited)
2021-10-27T08:29:08.351Z In(05) main  MKSRoleMain: Exiting Poll
2021-10-27T08:29:08.351Z In(05) main  MKSRoleMain: Exiting Log
